2020/08/24 12:35:56 Server.go:23: Server started...
2020/08/24 12:37:10 Server.go:23: Server started...
2020/08/24 12:37:14 Server.go:31: started fetch number request...
2020/08/24 12:37:14 Server.go:33: answered fetch number request successfully
2020/08/24 12:42:49 Server.go:23: Server started...
2020/08/24 12:42:54 Server.go:31: started fetch number request...
2020/08/24 12:42:54 Server.go:34: incoming number is: 14
2020/08/24 12:42:54 Server.go:37: answered fetch number request successfully
2020/08/24 12:42:57 Server.go:31: started fetch number request...
2020/08/24 12:42:57 Server.go:34: incoming number is: 15
2020/08/24 12:42:57 Server.go:37: answered fetch number request successfully
2020/08/24 12:43:11 Server.go:31: started fetch number request...
2020/08/24 12:43:11 Server.go:34: incoming number is: 
2020/08/24 12:43:11 Server.go:37: answered fetch number request successfully
2020/08/24 12:45:16 Server.go:23: Server started...
2020/08/24 12:45:26 Server.go:31: started fetch number request...
2020/08/24 12:45:26 Server.go:36: error: empty input!
2020/08/24 12:45:31 Server.go:31: started fetch number request...
2020/08/24 12:45:31 Server.go:40: incoming number is: -2
2020/08/24 12:45:31 Server.go:43: answered fetch number request successfully
2020/08/24 12:45:34 Server.go:31: started fetch number request...
2020/08/24 12:45:34 Server.go:40: incoming number is: 4
2020/08/24 12:45:34 Server.go:43: answered fetch number request successfully
2020/08/24 12:45:45 Server.go:31: started fetch number request...
2020/08/24 12:45:45 Server.go:36: error: empty input!
2020/08/24 12:51:00 Server.go:31: started fetch number request...
2020/08/24 12:51:00 Server.go:40: incoming number is: -4
2020/08/24 12:51:00 Server.go:43: answered fetch number request successfully
2020/08/24 13:05:25 Server.go:24: Server started...
2020/08/24 13:05:52 Server.go:32: started fetch number request...
2020/08/24 13:05:52 Server.go:41: incoming number is: 4
2020/08/24 13:05:52 Server.go:44: answered fetch number request successfully
2020/08/24 13:05:54 Server.go:32: started fetch number request...
2020/08/24 13:05:54 Server.go:41: incoming number is: 4
2020/08/24 13:05:54 Server.go:44: answered fetch number request successfully
2020/08/24 13:45:08 Server.go:24: Server started...
2020/08/24 13:45:19 Server.go:32: started fetch number request...
2020/08/24 13:45:19 Server.go:37: error: empty input!
2020/08/24 13:47:59 Server.go:32: started fetch number request...
2020/08/24 13:47:59 Server.go:41: incoming number is: 33
2020/08/24 13:47:59 Server.go:44: answered fetch number request successfully
2020/08/24 13:48:35 Server.go:32: started fetch number request...
2020/08/24 13:48:35 Server.go:41: incoming number is: 33
2020/08/24 13:48:35 Server.go:44: answered fetch number request successfully
2020/08/24 13:50:24 Server.go:32: started fetch number request...
2020/08/24 13:50:24 Server.go:41: incoming number is: 33
2020/08/24 13:50:24 Server.go:44: answered fetch number request successfully
